<?xml version="1.0" encoding="UTF-8"?>
<testsuite name="DrivableMapTest" tests="3" skipped="0" failures="0" errors="0" timestamp="2022-09-19T19:56:09" hostname="ASUS-DANIEL" time="0.029">
  <properties/>
  <testcase name="testGetTradable" classname="DrivableMapTest" time="0.024"/>
  <testcase name="testHasFasterThan" classname="DrivableMapTest" time="0.002"/>
  <testcase name="testAddDrivable" classname="DrivableMapTest" time="0.002"/>
  <system-out><![CDATA[]]></system-out>
  <system-err><![CDATA[]]></system-err>
</testsuite>
